Mobile Application/app/build/intermediates/manifest_merge_blame_file/debug/manifest-merger-blame-debug-report.txt
1<?xml version="1.0" encoding="utf-8"?>
2<manifest xmlns:android="http://schemas.android.com/apk/res/android"
3    package="com.example.userevents"
4    android:versionCode="1"
5    android:versionName="1.0" >
6
7    <uses-sdk
8        android:minSdkVersion="16"
8-->src\main\AndroidManifest.xml
9        android:targetSdkVersion="30" />
9-->src\main\AndroidManifest.xml
10
11    <uses-permission android:name="android.permission.INTERNET" />
11-->src\main\AndroidManifest.xml:5:5-67
11-->src\main\AndroidManifest.xml:5:22-64
12
13    <application
13-->src\main\AndroidManifest.xml:7:5-42:19
14        android:allowBackup="true"
14-->src\main\AndroidManifest.xml:8:9-35
15        android:appComponentFactory="androidx.core.app.CoreComponentFactory"
15-->[androidx.core:core:1.2.0] AndroidManifest.xml:24:18-86
16        android:debuggable="true"
17        android:icon="@mipmap/ic_launcher"
17-->src\main\AndroidManifest.xml:9:9-43
18        android:label="@string/app_name"
18-->src\main\AndroidManifest.xml:10:9-41
19        android:roundIcon="@mipmap/ic_launcher_round"
19-->src\main\AndroidManifest.xml:11:9-54
20        android:supportsRtl="true"
20-->src\main\AndroidManifest.xml:12:9-35
21        android:testOnly="true"
22        android:theme="@style/AppTheme" >
22-->src\main\AndroidManifest.xml:13:9-40
23        <activity android:name="com.example.userevents.ForgotPassword" />
23-->src\main\AndroidManifest.xml:14:9-61
23-->src\main\AndroidManifest.xml:14:19-49
24        <activity android:name="com.example.userevents.MyEventsDetails" />
24-->src\main\AndroidManifest.xml:15:9-53
24-->src\main\AndroidManifest.xml:15:19-50
25        <activity android:name="com.example.userevents.MyEvents" />
25-->src\main\AndroidManifest.xml:16:9-46
25-->src\main\AndroidManifest.xml:16:19-43
26        <activity android:name="com.example.userevents.EventDetails" />
26-->src\main\AndroidManifest.xml:17:9-50
26-->src\main\AndroidManifest.xml:17:19-47
27        <activity android:name="com.example.userevents.RegistrationForm" />
27-->src\main\AndroidManifest.xml:18:9-54
27-->src\main\AndroidManifest.xml:18:19-51
28        <activity android:name="com.example.userevents.EventsInfo" />
28-->src\main\AndroidManifest.xml:19:9-48
28-->src\main\AndroidManifest.xml:19:19-45
29        <activity android:name="com.example.userevents.UpcomingEvents" />
29-->src\main\AndroidManifest.xml:20:9-52
29-->src\main\AndroidManifest.xml:20:19-49
30        <activity android:name="com.example.userevents.OngoingEvents" />
30-->src\main\AndroidManifest.xml:21:9-51
30-->src\main\AndroidManifest.xml:21:19-48
31        <activity android:name="com.example.userevents.PastEvents" />
31-->src\main\AndroidManifest.xml:22:9-48
31-->src\main\AndroidManifest.xml:22:19-45
32        <activity android:name="com.example.userevents.Dashboard" />
32-->src\main\AndroidManifest.xml:23:9-47
32-->src\main\AndroidManifest.xml:23:19-44
33        <activity android:name="com.example.userevents.HomePage" />
33-->src\main\AndroidManifest.xml:24:9-46
33-->src\main\AndroidManifest.xml:24:19-43
34        <activity android:name="com.example.userevents.MainActivity" >
34-->src\main\AndroidManifest.xml:25:9-31:20
34-->src\main\AndroidManifest.xml:25:19-47
35            <intent-filter>
35-->src\main\AndroidManifest.xml:26:13-30:29
36                <action android:name="android.intent.action.MAIN" />
36-->src\main\AndroidManifest.xml:27:17-69
36-->src\main\AndroidManifest.xml:27:25-66
37
38                <category android:name="android.intent.category.LAUNCHER" />
38-->src\main\AndroidManifest.xml:29:17-77
38-->src\main\AndroidManifest.xml:29:27-74
39            </intent-filter>
40        </activity>
41
42        <receiver
42-->src\main\AndroidManifest.xml:33:9-41:20
43            android:name="com.example.userevents.BroadcastManager"
43-->src\main\AndroidManifest.xml:34:13-45
44            android:label="BroadcastReceiverAux" >
44-->src\main\AndroidManifest.xml:35:13-49
45            <intent-filter>
45-->src\main\AndroidManifest.xml:36:13-40:29
46                <action android:name="ALARM" />
46-->src\main\AndroidManifest.xml:37:17-48
46-->src\main\AndroidManifest.xml:37:25-45
47
48                <category android:name="android.intent.category.DEFAULT" />
48-->src\main\AndroidManifest.xml:39:17-76
48-->src\main\AndroidManifest.xml:39:27-73
49            </intent-filter>
50        </receiver>
51    </application>
52
53</manifest>